<?xml version="1.0" encoding="UTF-8"?>
<!-- Generated by org.testng.reporters.JUnitXMLReporter -->
<testsuite ignored="2" hostname="MacBook-Pro-2" failures="0" tests="0" time="0.021" errors="0" timestamp="2023-06-17T20:32:21 EDT">
  <testcase classname="Automation.SeleniumFrameWork.ErrorValidationTest" name="ProductValidation" time="0.0">
    <ignored/>
  </testcase> <!-- ProductValidation -->
  <testcase classname="Automation.SeleniumFrameWork.ErrorValidationTest" name="loginErrorValidation" time="0.0">
    <ignored/>
  </testcase> <!-- loginErrorValidation -->
</testsuite>
