<?xml version="1.0" encoding="UTF-8"?>
<!-- Generated by org.testng.reporters.JUnitXMLReporter -->
<testsuite ignored="1" hostname="MacBook-Pro-2" failures="0" tests="2" name="Submit Order" time="91.263" errors="0" timestamp="2023-06-17T20:33:53 EDT">
  <testcase classname="Automation.SeleniumFrameWork.SubmitOrderTest2" name="submitOrder" time="25.598"/>
  <testcase classname="Automation.SeleniumFrameWork.SubmitOrderTest2" name="submitOrder" time="37.624"/>
  <testcase classname="Automation.SeleniumFrameWork.SubmitOrderTest2" name="OrderHistoryTest" time="0.0">
    <ignored/>
  </testcase> <!-- OrderHistoryTest -->
</testsuite> <!-- Submit Order -->
